2025-08-04 18:18:35,573 [INFO] Author already exists: John Keats
2025-08-04 18:18:38,182 [WARNING] Unrecognized date format 'Jan 31, 2010' for book 'Love Letters Of Great Men - Vol. 1'
2025-08-04 18:18:38,204 [INFO] Inserted book: Love Letters Of Great Men - Vol. 1
2025-08-04 18:18:39,803 [INFO] Inserted book: Small Worlds,Of Bees And Trees And Butterfly Knees, A Book Of Classic Poetry For Children
2025-08-04 18:18:41,380 [WARNING] Unrecognized date format 'Jan 31, 2010' for book 'Love Letters Of Great Men - Vol. 2'
2025-08-04 18:18:41,393 [INFO] Inserted book: Love Letters Of Great Men - Vol. 2
2025-08-04 18:18:42,153 [INFO] Book already exists: OL43307749W
2025-08-04 18:18:43,165 [INFO] Book already exists: OL43307006W
2025-08-04 18:22:17,015 [INFO] Author already exists: John Keats
2025-08-04 18:22:18,813 [INFO] Book already exists: OL27730172W
2025-08-04 18:22:19,792 [INFO] Book already exists: OL41224212W
2025-08-04 18:22:20,791 [INFO] Book already exists: OL26447555W
2025-08-04 18:22:21,800 [INFO] Book already exists: OL43307749W
2025-08-04 18:22:22,789 [INFO] Book already exists: OL43307006W
2025-08-04 18:23:35,273 [INFO] Inserted author: Arnold Bennett
2025-08-04 18:23:37,883 [INFO] Inserted book: Strange Vanguard
2025-08-04 18:23:39,487 [INFO] Inserted book: Literary Taste [Microform]
2025-08-04 18:23:41,094 [WARNING] Unrecognized date format 'Sep 10, 2021' for book 'The Truth About An Author [Microform]'
2025-08-04 18:23:41,110 [INFO] Inserted book: The Truth About An Author [Microform]
2025-08-04 18:23:42,716 [INFO] Inserted book: Books And Persons; Being Comments On A Past Epoch. 1908-1911.
2025-08-04 18:23:44,313 [INFO] Inserted book: Abraham Lincoln
